<?xml version="1.0" encoding="UTF-8"?>
<!-- Generated by org.testng.reporters.JUnitReportReporter -->
<testsuite hostname="DESKTOP-8ELVUAA" failures="0" tests="1" name="com.flipkart.test.FlipkartTests" time="36.060" errors="0" timestamp="2022-10-10T19:57:39 IST" skipped="0">
  <testcase classname="com.flipkart.test.FlipkartTests" name="login" time="36.060"/>
  <system-out/>
</testsuite> <!-- com.flipkart.test.FlipkartTests -->
